  FileHelper.cpp
  main.cpp
  Node.cpp
C:\Users\tom\source\repos\Distributed-File-Sync-Group-AH\Distributed File Sync\Distributed File Sync\Node.cpp(56,35): warning C4267: 'argument': conversion from 'size_t' to 'int', possible loss of data
  Generating Code...
Node.obj : error LNK2019: unresolved external symbol "public: __cdecl sf::IpAddress::IpAddress(void)" (??0IpAddress@sf@@QEAA@XZ) referenced in function "public: __cdecl UdpMessage::UdpMessage(void)" (??0UdpMessage@@QEAA@XZ)
Node.obj : error LNK2019: unresolved external symbol "public: class std::basic_string<char,struct std::char_traits<char>,class std::allocator<char> > __cdecl sf::IpAddress::toString(void)const " (?toString@IpAddress@sf@@QEBA?AV?$basic_string@DU?$char_traits@D@std@@V?$allocator@D@2@@std@@XZ) referenced in function "public: bool __cdecl Node::startClient(class sf::IpAddress &,unsigned short)" (?startClient@Node@@QEAA_NAEAVIpAddress@sf@@G@Z)
Client.obj : error LNK2001: unresolved external symbol "public: class std::basic_string<char,struct std::char_traits<char>,class std::allocator<char> > __cdecl sf::IpAddress::toString(void)const " (?toString@IpAddress@sf@@QEBA?AV?$basic_string@DU?$char_traits@D@std@@V?$allocator@D@2@@std@@XZ)
Node.obj : error LNK2019: unresolved external symbol "bool __cdecl sf::operator<(class sf::IpAddress const &,class sf::IpAddress const &)" (??Msf@@YA_NAEBVIpAddress@0@0@Z) referenced in function "public: bool __cdecl std::less<class sf::IpAddress>::operator()(class sf::IpAddress const &,class sf::IpAddress const &)const " (??R?$less@VIpAddress@sf@@@std@@QEBA_NAEBVIpAddress@sf@@0@Z)
Server.obj : error LNK2001: unresolved external symbol "bool __cdecl sf::operator<(class sf::IpAddress const &,class sf::IpAddress const &)" (??Msf@@YA_NAEBVIpAddress@0@0@Z)
Node.obj : error LNK2019: unresolved external symbol "class std::basic_ostream<char,struct std::char_traits<char> > & __cdecl sf::operator<<(class std::basic_ostream<char,struct std::char_traits<char> > &,class sf::IpAddress const &)" (??6sf@@YAAEAV?$basic_ostream@DU?$char_traits@D@std@@@std@@AEAV12@AEBVIpAddress@0@@Z) referenced in function "public: void __cdecl Node::printConnections(void)" (?printConnections@Node@@QEAAXXZ)
Server.obj : error LNK2001: unresolved external symbol "class std::basic_ostream<char,struct std::char_traits<char> > & __cdecl sf::operator<<(class std::basic_ostream<char,struct std::char_traits<char> > &,class sf::IpAddress const &)" (??6sf@@YAAEAV?$basic_ostream@DU?$char_traits@D@std@@@std@@AEAV12@AEBVIpAddress@0@@Z)
Node.obj : error LNK2019: unresolved external symbol "public: __cdecl sf::Packet::Packet(void)" (??0Packet@sf@@QEAA@XZ) referenced in function "public: bool __cdecl Node::receiveUdp(void)" (?receiveUdp@Node@@QEAA_NXZ)
Client.obj : error LNK2001: unresolved external symbol "public: __cdecl sf::Packet::Packet(void)" (??0Packet@sf@@QEAA@XZ)
Server.obj : error LNK2001: unresolved external symbol "public: __cdecl sf::Packet::Packet(void)" (??0Packet@sf@@QEAA@XZ)
Node.obj : error LNK2001: unresolved external symbol "public: static class sf::IpAddress const sf::IpAddress::Broadcast" (?Broadcast@IpAddress@sf@@2V12@B)
Client.obj : error LNK2019: unresolved external symbol "class sf::Time __cdecl sf::seconds(float)" (?seconds@sf@@YA?AVTime@1@M@Z) referenced in function "public: bool __cdecl Client::connect(class std::basic_string<char,struct std::char_traits<char>,class std::allocator<char> >,unsigned short)" (?connect@Client@@QEAA_NV?$basic_string@DU?$char_traits@D@std@@V?$allocator@D@2@@std@@G@Z)
Server.obj : error LNK2001: unresolved external symbol "class sf::Time __cdecl sf::seconds(float)" (?seconds@sf@@YA?AVTime@1@M@Z)
Client.obj : error LNK2019: unresolved external symbol "public: virtual __cdecl sf::Socket::~Socket(void)" (??1Socket@sf@@UEAA@XZ) referenced in function "public: virtual __cdecl sf::TcpSocket::~TcpSocket(void)" (??1TcpSocket@sf@@UEAA@XZ)
Server.obj : error LNK2001: unresolved external symbol "public: virtual __cdecl sf::Socket::~Socket(void)" (??1Socket@sf@@UEAA@XZ)
UdpConnection.obj : error LNK2001: unresolved external symbol "public: virtual __cdecl sf::Socket::~Socket(void)" (??1Socket@sf@@UEAA@XZ)
Client.obj : error LNK2019: unresolved external symbol "public: __cdecl sf::TcpSocket::TcpSocket(void)" (??0TcpSocket@sf@@QEAA@XZ) referenced in function "public: __cdecl Client::Client(void)" (??0Client@@QEAA@XZ)
Server.obj : error LNK2001: unresolved external symbol "public: __cdecl sf::TcpSocket::TcpSocket(void)" (??0TcpSocket@sf@@QEAA@XZ)
Client.obj : error LNK2019: unresolved external symbol "public: enum sf::Socket::Status __cdecl sf::TcpSocket::connect(class sf::IpAddress const &,unsigned short,class sf::Time)" (?connect@TcpSocket@sf@@QEAA?AW4Status@Socket@2@AEBVIpAddress@2@GVTime@2@@Z) referenced in function "public: bool __cdecl Client::connect(class std::basic_string<char,struct std::char_traits<char>,class std::allocator<char> >,unsigned short)" (?connect@Client@@QEAA_NV?$basic_string@DU?$char_traits@D@std@@V?$allocator@D@2@@std@@G@Z)
Client.obj : error LNK2019: unresolved external symbol "public: enum sf::Socket::Status __cdecl sf::TcpSocket::send(void const *,unsigned __int64)" (?send@TcpSocket@sf@@QEAA?AW4Status@Socket@2@PEBX_K@Z) referenced in function "public: bool __cdecl Client::sendString(class std::basic_string<char,struct std::char_traits<char>,class std::allocator<char> >)" (?sendString@Client@@QEAA_NV?$basic_string@DU?$char_traits@D@std@@V?$allocator@D@2@@std@@@Z)
Server.obj : error LNK2001: unresolved external symbol "public: enum sf::Socket::Status __cdecl sf::TcpSocket::send(void const *,unsigned __int64)" (?send@TcpSocket@sf@@QEAA?AW4Status@Socket@2@PEBX_K@Z)
Client.obj : error LNK2019: unresolved external symbol "public: enum sf::Socket::Status __cdecl sf::TcpSocket::receive(void *,unsigned __int64,unsigned __int64 &)" (?receive@TcpSocket@sf@@QEAA?AW4Status@Socket@2@PEAX_KAEA_K@Z) referenced in function "public: class std::basic_string<char,struct std::char_traits<char>,class std::allocator<char> > __cdecl Client::receiveString(int)" (?receiveString@Client@@QEAA?AV?$basic_string@DU?$char_traits@D@std@@V?$allocator@D@2@@std@@H@Z)
Server.obj : error LNK2001: unresolved external symbol "public: enum sf::Socket::Status __cdecl sf::TcpSocket::receive(void *,unsigned __int64,unsigned __int64 &)" (?receive@TcpSocket@sf@@QEAA?AW4Status@Socket@2@PEAX_KAEA_K@Z)
Client.obj : error LNK2019: unresolved external symbol "public: enum sf::Socket::Status __cdecl sf::TcpSocket::send(class sf::Packet &)" (?send@TcpSocket@sf@@QEAA?AW4Status@Socket@2@AEAVPacket@2@@Z) referenced in function "public: bool __cdecl Client::send(class std::basic_string<char,struct std::char_traits<char>,class std::allocator<char> >)" (?send@Client@@QEAA_NV?$basic_string@DU?$char_traits@D@std@@V?$allocator@D@2@@std@@@Z)
Server.obj : error LNK2001: unresolved external symbol "public: enum sf::Socket::Status __cdecl sf::TcpSocket::send(class sf::Packet &)" (?send@TcpSocket@sf@@QEAA?AW4Status@Socket@2@AEAVPacket@2@@Z)
Client.obj : error LNK2019: unresolved external symbol "public: enum sf::Socket::Status __cdecl sf::TcpSocket::receive(class sf::Packet &)" (?receive@TcpSocket@sf@@QEAA?AW4Status@Socket@2@AEAVPacket@2@@Z) referenced in function "public: bool __cdecl Client::receive(void)" (?receive@Client@@QEAA_NXZ)
Server.obj : error LNK2001: unresolved external symbol "public: enum sf::Socket::Status __cdecl sf::TcpSocket::receive(class sf::Packet &)" (?receive@TcpSocket@sf@@QEAA?AW4Status@Socket@2@AEAVPacket@2@@Z)
Client.obj : error LNK2019: unresolved external symbol "public: __cdecl sf::IpAddress::IpAddress(class std::basic_string<char,struct std::char_traits<char>,class std::allocator<char> > const &)" (??0IpAddress@sf@@QEAA@AEBV?$basic_string@DU?$char_traits@D@std@@V?$allocator@D@2@@std@@@Z) referenced in function "public: bool __cdecl Client::connect(class std::basic_string<char,struct std::char_traits<char>,class std::allocator<char> >,unsigned short)" (?connect@Client@@QEAA_NV?$basic_string@DU?$char_traits@D@std@@V?$allocator@D@2@@std@@G@Z)
Server.obj : error LNK2001: unresolved external symbol "public: __cdecl sf::IpAddress::IpAddress(class std::basic_string<char,struct std::char_traits<char>,class std::allocator<char> > const &)" (??0IpAddress@sf@@QEAA@AEBV?$basic_string@DU?$char_traits@D@std@@V?$allocator@D@2@@std@@@Z)
Client.obj : error LNK2019: unresolved external symbol "public: static class sf::IpAddress __cdecl sf::IpAddress::getLocalAddress(void)" (?getLocalAddress@IpAddress@sf@@SA?AV12@XZ) referenced in function "public: bool __cdecl Client::send(class std::basic_string<char,struct std::char_traits<char>,class std::allocator<char> >)" (?send@Client@@QEAA_NV?$basic_string@DU?$char_traits@D@std@@V?$allocator@D@2@@std@@@Z)
Client.obj : error LNK2019: unresolved external symbol "public: virtual __cdecl sf::Packet::~Packet(void)" (??1Packet@sf@@UEAA@XZ) referenced in function "public: bool __cdecl Client::send(class std::basic_string<char,struct std::char_traits<char>,class std::allocator<char> >)" (?send@Client@@QEAA_NV?$basic_string@DU?$char_traits@D@std@@V?$allocator@D@2@@std@@@Z)
Client.obj : error LNK2019: unresolved external symbol "public: class sf::Packet & __cdecl sf::Packet::operator>>(class std::basic_string<char,struct std::char_traits<char>,class std::allocator<char> > &)" (??5Packet@sf@@QEAAAEAV01@AEAV?$basic_string@DU?$char_traits@D@std@@V?$allocator@D@2@@std@@@Z) referenced in function "public: bool __cdecl Client::handle(void)" (?handle@Client@@QEAA_NXZ)
Server.obj : error LNK2001: unresolved external symbol "public: class sf::Packet & __cdecl sf::Packet::operator>>(class std::basic_string<char,struct std::char_traits<char>,class std::allocator<char> > &)" (??5Packet@sf@@QEAAAEAV01@AEAV?$basic_string@DU?$char_traits@D@std@@V?$allocator@D@2@@std@@@Z)
Client.obj : error LNK2019: unresolved external symbol "public: class sf::Packet & __cdecl sf::Packet::operator<<(class std::basic_string<char,struct std::char_traits<char>,class std::allocator<char> > const &)" (??6Packet@sf@@QEAAAEAV01@AEBV?$basic_string@DU?$char_traits@D@std@@V?$allocator@D@2@@std@@@Z) referenced in function "public: bool __cdecl Client::send(class std::basic_string<char,struct std::char_traits<char>,class std::allocator<char> >)" (?send@Client@@QEAA_NV?$basic_string@DU?$char_traits@D@std@@V?$allocator@D@2@@std@@@Z)
Server.obj : error LNK2019: unresolved external symbol "public: class sf::IpAddress __cdecl sf::TcpSocket::getRemoteAddress(void)const " (?getRemoteAddress@TcpSocket@sf@@QEBA?AVIpAddress@2@XZ) referenced in function "public: bool __cdecl Server::accept(void)" (?accept@Server@@QEAA_NXZ)
Server.obj : error LNK2019: unresolved external symbol "public: __cdecl sf::SocketSelector::SocketSelector(void)" (??0SocketSelector@sf@@QEAA@XZ) referenced in function "public: void __cdecl Server::accept(int)" (?accept@Server@@QEAAXH@Z)
Server.obj : error LNK2019: unresolved external symbol "public: __cdecl sf::SocketSelector::~SocketSelector(void)" (??1SocketSelector@sf@@QEAA@XZ) referenced in function "public: void __cdecl Server::accept(int)" (?accept@Server@@QEAAXH@Z)
Server.obj : error LNK2019: unresolved external symbol "public: void __cdecl sf::SocketSelector::add(class sf::Socket &)" (?add@SocketSelector@sf@@QEAAXAEAVSocket@2@@Z) referenced in function "public: void __cdecl Server::accept(int)" (?accept@Server@@QEAAXH@Z)
Server.obj : error LNK2019: unresolved external symbol "public: bool __cdecl sf::SocketSelector::wait(class sf::Time)" (?wait@SocketSelector@sf@@QEAA_NVTime@2@@Z) referenced in function "public: void __cdecl Server::accept(int)" (?accept@Server@@QEAAXH@Z)
Server.obj : error LNK2019: unresolved external symbol "public: __cdecl sf::TcpListener::TcpListener(void)" (??0TcpListener@sf@@QEAA@XZ) referenced in function "public: __cdecl Server::Server(void)" (??0Server@@QEAA@XZ)
Server.obj : error LNK2019: unresolved external symbol "public: enum sf::Socket::Status __cdecl sf::TcpListener::listen(unsigned short,class sf::IpAddress const &)" (?listen@TcpListener@sf@@QEAA?AW4Status@Socket@2@GAEBVIpAddress@2@@Z) referenced in function "public: bool __cdecl Server::listen(unsigned short)" (?listen@Server@@QEAA_NG@Z)
Server.obj : error LNK2019: unresolved external symbol "public: enum sf::Socket::Status __cdecl sf::TcpListener::accept(class sf::TcpSocket &)" (?accept@TcpListener@sf@@QEAA?AW4Status@Socket@2@AEAVTcpSocket@2@@Z) referenced in function "public: bool __cdecl Server::accept(void)" (?accept@Server@@QEAA_NXZ)
Server.obj : error LNK2001: unresolved external symbol "public: static class sf::IpAddress const sf::IpAddress::Any" (?Any@IpAddress@sf@@2V12@B)
UdpConnection.obj : error LNK2001: unresolved external symbol "public: static class sf::IpAddress const sf::IpAddress::Any" (?Any@IpAddress@sf@@2V12@B)
UdpConnection.obj : error LNK2019: unresolved external symbol "public: __cdecl sf::UdpSocket::UdpSocket(void)" (??0UdpSocket@sf@@QEAA@XZ) referenced in function "public: __cdecl UdpConnection::UdpConnection(void)" (??0UdpConnection@@QEAA@XZ)
UdpConnection.obj : error LNK2019: unresolved external symbol "public: enum sf::Socket::Status __cdecl sf::UdpSocket::bind(unsigned short,class sf::IpAddress const &)" (?bind@UdpSocket@sf@@QEAA?AW4Status@Socket@2@GAEBVIpAddress@2@@Z) referenced in function "public: bool __cdecl UdpConnection::bind(unsigned short)" (?bind@UdpConnection@@QEAA_NG@Z)
UdpConnection.obj : error LNK2019: unresolved external symbol "public: enum sf::Socket::Status __cdecl sf::UdpSocket::send(class sf::Packet &,class sf::IpAddress const &,unsigned short)" (?send@UdpSocket@sf@@QEAA?AW4Status@Socket@2@AEAVPacket@2@AEBVIpAddress@2@G@Z) referenced in function "public: bool __cdecl UdpConnection::send(class sf::Packet &,class sf::IpAddress,unsigned short)" (?send@UdpConnection@@QEAA_NAEAVPacket@sf@@VIpAddress@3@G@Z)
UdpConnection.obj : error LNK2019: unresolved external symbol "public: enum sf::Socket::Status __cdecl sf::UdpSocket::receive(class sf::Packet &,class sf::IpAddress &,unsigned short &)" (?receive@UdpSocket@sf@@QEAA?AW4Status@Socket@2@AEAVPacket@2@AEAVIpAddress@2@AEAG@Z) referenced in function "public: bool __cdecl UdpConnection::receive(class sf::Packet &,class sf::IpAddress &,unsigned short &)" (?receive@UdpConnection@@QEAA_NAEAVPacket@sf@@AEAVIpAddress@3@AEAG@Z)
C:\Users\tom\Source\Repos\Distributed-File-Sync-Group-AH\Distributed File Sync\_sfml\lib\sfml-system-s-d.lib : warning LNK4272: library machine type 'x86' conflicts with target machine type 'x64'
C:\Users\tom\Source\Repos\Distributed-File-Sync-Group-AH\Distributed File Sync\_sfml\lib\sfml-network-s-d.lib : warning LNK4272: library machine type 'x86' conflicts with target machine type 'x64'
C:\Users\tom\Source\Repos\Distributed-File-Sync-Group-AH\Distributed File Sync\x64\Debug\Distributed File Sync.exe : fatal error LNK1120: 32 unresolved externals
